2019-04-26 21:53:24,619 INFO 12066 [egg-schedule]: register schedule /Users/lp1/Downloads/Vue-shopping-master/egg/node_modules/_egg-logrotator@3.1.0@egg-logrotator/app/schedule/clean_log.js
2019-04-26 21:53:24,619 INFO 12066 [egg-schedule]: register schedule /Users/lp1/Downloads/Vue-shopping-master/egg/node_modules/_egg-logrotator@3.1.0@egg-logrotator/app/schedule/rotate_by_file.js
2019-04-26 21:53:25,133 INFO 12060 [Timer] /Users/lp1/Downloads/Vue-shopping-master/egg/node_modules/_egg-logrotator@3.1.0@egg-logrotator/app/schedule/clean_log.js next time will execute after 7594868ms at 2019-04-27 00:00:00.001
2019-04-26 21:53:25,134 INFO 12060 [Timer] /Users/lp1/Downloads/Vue-shopping-master/egg/node_modules/_egg-logrotator@3.1.0@egg-logrotator/app/schedule/rotate_by_file.js next time will execute after 7595867ms at 2019-04-27 00:00:01.001
2019-04-27 08:36:27,870 INFO 6732 [egg-schedule]: register schedule C:\Users\Administrator\Desktop\shop\server\node_modules\egg-logrotator\app\schedule\clean_log.js
2019-04-27 08:36:27,870 INFO 6732 [egg-schedule]: register schedule C:\Users\Administrator\Desktop\shop\server\node_modules\egg-logrotator\app\schedule\rotate_by_file.js
2019-04-27 08:36:28,544 INFO 2016 [Timer] C:\Users\Administrator\Desktop\shop\server\node_modules\egg-logrotator\app\schedule\clean_log.js next time will execute after 55411458ms at 2019-04-28 00:00:00.002
2019-04-27 08:36:28,545 INFO 2016 [Timer] C:\Users\Administrator\Desktop\shop\server\node_modules\egg-logrotator\app\schedule\rotate_by_file.js next time will execute after 55412456ms at 2019-04-28 00:00:01.001
2019-04-27 10:25:49,289 INFO 3124 [egg-schedule]: register schedule C:\Users\Administrator\Desktop\shop\server\node_modules\egg-logrotator\app\schedule\clean_log.js
2019-04-27 10:25:49,289 INFO 3124 [egg-schedule]: register schedule C:\Users\Administrator\Desktop\shop\server\node_modules\egg-logrotator\app\schedule\rotate_by_file.js
2019-04-27 10:25:50,207 INFO 4408 [Timer] C:\Users\Administrator\Desktop\shop\server\node_modules\egg-logrotator\app\schedule\clean_log.js next time will execute after 48849796ms at 2019-04-28 00:00:00.003
2019-04-27 10:25:50,208 INFO 4408 [Timer] C:\Users\Administrator\Desktop\shop\server\node_modules\egg-logrotator\app\schedule\rotate_by_file.js next time will execute after 48850793ms at 2019-04-28 00:00:01.001
2019-04-30 13:56:42,574 INFO 7004 [egg-schedule]: register schedule C:\Users\Administrator\Desktop\shop\server\node_modules\_egg-logrotator@3.1.0@egg-logrotator\app\schedule\clean_log.js
2019-04-30 13:56:42,574 INFO 7004 [egg-schedule]: register schedule C:\Users\Administrator\Desktop\shop\server\node_modules\_egg-logrotator@3.1.0@egg-logrotator\app\schedule\rotate_by_file.js
2019-04-30 13:56:43,566 INFO 7296 [Timer] C:\Users\Administrator\Desktop\shop\server\node_modules\_egg-logrotator@3.1.0@egg-logrotator\app\schedule\clean_log.js next time will execute after 36196437ms at 2019-05-01 00:00:00.003
2019-04-30 13:56:43,566 INFO 7296 [Timer] C:\Users\Administrator\Desktop\shop\server\node_modules\_egg-logrotator@3.1.0@egg-logrotator\app\schedule\rotate_by_file.js next time will execute after 36197434ms at 2019-05-01 00:00:01.000
2019-04-30 14:03:27,981 INFO 1108 [egg-schedule]: register schedule C:\Users\Administrator\Desktop\shop\server\node_modules\_egg-logrotator@3.1.0@egg-logrotator\app\schedule\clean_log.js
2019-04-30 14:03:27,981 INFO 1108 [egg-schedule]: register schedule C:\Users\Administrator\Desktop\shop\server\node_modules\_egg-logrotator@3.1.0@egg-logrotator\app\schedule\rotate_by_file.js
2019-04-30 14:03:28,965 INFO 7224 [Timer] C:\Users\Administrator\Desktop\shop\server\node_modules\_egg-logrotator@3.1.0@egg-logrotator\app\schedule\clean_log.js next time will execute after 35791037ms at 2019-05-01 00:00:00.002
2019-04-30 14:03:28,965 INFO 7224 [Timer] C:\Users\Administrator\Desktop\shop\server\node_modules\_egg-logrotator@3.1.0@egg-logrotator\app\schedule\rotate_by_file.js next time will execute after 35792035ms at 2019-05-01 00:00:01.000
2019-04-30 15:00:05,800 INFO 6380 [egg-schedule]: register schedule C:\Users\Administrator\Desktop\shop\server\node_modules\_egg-logrotator@3.1.0@egg-logrotator\app\schedule\clean_log.js
2019-04-30 15:00:05,800 INFO 6380 [egg-schedule]: register schedule C:\Users\Administrator\Desktop\shop\server\node_modules\_egg-logrotator@3.1.0@egg-logrotator\app\schedule\rotate_by_file.js
2019-04-30 15:01:10,434 INFO 6940 [egg-schedule]: register schedule C:\Users\Administrator\Desktop\shop\server\node_modules\_egg-logrotator@3.1.0@egg-logrotator\app\schedule\clean_log.js
2019-04-30 15:01:10,434 INFO 6940 [egg-schedule]: register schedule C:\Users\Administrator\Desktop\shop\server\node_modules\_egg-logrotator@3.1.0@egg-logrotator\app\schedule\rotate_by_file.js
2019-04-30 15:10:23,300 INFO 1588 [egg-schedule]: register schedule C:\Users\Administrator\Desktop\shop\server\node_modules\_egg-logrotator@3.1.0@egg-logrotator\app\schedule\clean_log.js
2019-04-30 15:10:23,300 INFO 1588 [egg-schedule]: register schedule C:\Users\Administrator\Desktop\shop\server\node_modules\_egg-logrotator@3.1.0@egg-logrotator\app\schedule\rotate_by_file.js
2019-04-30 16:00:35,805 INFO 8096 [Timer] C:\Users\Administrator\Desktop\shop\server\node_modules\_egg-logrotator@3.1.0@egg-logrotator\app\schedule\clean_log.js next time will execute after 28764197ms at 2019-05-01 00:00:00.002
2019-04-30 16:00:35,806 INFO 8096 [Timer] C:\Users\Administrator\Desktop\shop\server\node_modules\_egg-logrotator@3.1.0@egg-logrotator\app\schedule\rotate_by_file.js next time will execute after 28765194ms at 2019-05-01 00:00:01.000
2019-04-30 16:00:34,907 INFO 2516 [egg-schedule]: register schedule C:\Users\Administrator\Desktop\shop\server\node_modules\_egg-logrotator@3.1.0@egg-logrotator\app\schedule\clean_log.js
2019-04-30 16:00:34,907 INFO 2516 [egg-schedule]: register schedule C:\Users\Administrator\Desktop\shop\server\node_modules\_egg-logrotator@3.1.0@egg-logrotator\app\schedule\rotate_by_file.js
2019-04-30 16:27:59,003 INFO 1652 [egg-schedule]: register schedule C:\Users\Administrator\Desktop\shop\server\node_modules\_egg-logrotator@3.1.0@egg-logrotator\app\schedule\clean_log.js
2019-04-30 16:27:59,003 INFO 1652 [egg-schedule]: register schedule C:\Users\Administrator\Desktop\shop\server\node_modules\_egg-logrotator@3.1.0@egg-logrotator\app\schedule\rotate_by_file.js
2019-04-30 16:27:59,901 INFO 3480 [Timer] C:\Users\Administrator\Desktop\shop\server\node_modules\_egg-logrotator@3.1.0@egg-logrotator\app\schedule\clean_log.js next time will execute after 27120102ms at 2019-05-01 00:00:00.003
2019-04-30 16:27:59,902 INFO 3480 [Timer] C:\Users\Administrator\Desktop\shop\server\node_modules\_egg-logrotator@3.1.0@egg-logrotator\app\schedule\rotate_by_file.js next time will execute after 27121098ms at 2019-05-01 00:00:01.000
2019-05-08 11:13:01,316 INFO 7920 [egg-schedule]: register schedule C:\Users\Administrator\Desktop\shop\server\node_modules\_egg-logrotator@3.1.0@egg-logrotator\app\schedule\clean_log.js
2019-05-08 11:13:01,316 INFO 7920 [egg-schedule]: register schedule C:\Users\Administrator\Desktop\shop\server\node_modules\_egg-logrotator@3.1.0@egg-logrotator\app\schedule\rotate_by_file.js
2019-05-08 11:13:02,273 INFO 7520 [Timer] C:\Users\Administrator\Desktop\shop\server\node_modules\_egg-logrotator@3.1.0@egg-logrotator\app\schedule\clean_log.js next time will execute after 46017730ms at 2019-05-09 00:00:00.003
2019-05-08 11:13:02,273 INFO 7520 [Timer] C:\Users\Administrator\Desktop\shop\server\node_modules\_egg-logrotator@3.1.0@egg-logrotator\app\schedule\rotate_by_file.js next time will execute after 46018727ms at 2019-05-09 00:00:01.000
2019-05-08 16:19:35,394 INFO 6608 [egg-schedule]: register schedule C:\Users\Administrator\Desktop\shop\server\node_modules\_egg-logrotator@3.1.0@egg-logrotator\app\schedule\clean_log.js
2019-05-08 16:19:35,394 INFO 6608 [egg-schedule]: register schedule C:\Users\Administrator\Desktop\shop\server\node_modules\_egg-logrotator@3.1.0@egg-logrotator\app\schedule\rotate_by_file.js
2019-05-08 16:19:36,932 INFO 3768 [Timer] C:\Users\Administrator\Desktop\shop\server\node_modules\_egg-logrotator@3.1.0@egg-logrotator\app\schedule\clean_log.js next time will execute after 27623072ms at 2019-05-09 00:00:00.004
2019-05-08 16:19:36,934 INFO 3768 [Timer] C:\Users\Administrator\Desktop\shop\server\node_modules\_egg-logrotator@3.1.0@egg-logrotator\app\schedule\rotate_by_file.js next time will execute after 27624067ms at 2019-05-09 00:00:01.001
2019-05-10 08:53:01,790 INFO 3636 [egg-schedule]: register schedule C:\Users\Administrator\Desktop\shop\server\node_modules\_egg-logrotator@3.1.0@egg-logrotator\app\schedule\clean_log.js
2019-05-10 08:53:01,790 INFO 3636 [egg-schedule]: register schedule C:\Users\Administrator\Desktop\shop\server\node_modules\_egg-logrotator@3.1.0@egg-logrotator\app\schedule\rotate_by_file.js
2019-05-10 08:53:02,667 INFO 7236 [Timer] C:\Users\Administrator\Desktop\shop\server\node_modules\_egg-logrotator@3.1.0@egg-logrotator\app\schedule\clean_log.js next time will execute after 54417335ms at 2019-05-11 00:00:00.002
2019-05-10 08:53:02,670 INFO 7236 [Timer] C:\Users\Administrator\Desktop\shop\server\node_modules\_egg-logrotator@3.1.0@egg-logrotator\app\schedule\rotate_by_file.js next time will execute after 54418333ms at 2019-05-11 00:00:01.002
2019-05-10 08:53:17,483 INFO 7048 [egg-schedule]: register schedule C:\Users\Administrator\Desktop\shop\server\node_modules\_egg-logrotator@3.1.0@egg-logrotator\app\schedule\clean_log.js
2019-05-10 08:53:17,483 INFO 7048 [egg-schedule]: register schedule C:\Users\Administrator\Desktop\shop\server\node_modules\_egg-logrotator@3.1.0@egg-logrotator\app\schedule\rotate_by_file.js
2019-05-10 08:53:18,095 INFO 7848 [Timer] C:\Users\Administrator\Desktop\shop\server\node_modules\_egg-logrotator@3.1.0@egg-logrotator\app\schedule\clean_log.js next time will execute after 54401907ms at 2019-05-11 00:00:00.002
2019-05-10 08:53:18,096 INFO 7848 [Timer] C:\Users\Administrator\Desktop\shop\server\node_modules\_egg-logrotator@3.1.0@egg-logrotator\app\schedule\rotate_by_file.js next time will execute after 54402904ms at 2019-05-11 00:00:01.000
2019-05-13 08:35:15,231 INFO 5616 [egg-schedule]: register schedule C:\Users\Administrator\Desktop\vant_ui\server\node_modules\egg-logrotator\app\schedule\clean_log.js
2019-05-13 08:35:15,231 INFO 5616 [egg-schedule]: register schedule C:\Users\Administrator\Desktop\vant_ui\server\node_modules\egg-logrotator\app\schedule\rotate_by_file.js
2019-05-13 08:35:16,940 INFO 4996 [Timer] C:\Users\Administrator\Desktop\vant_ui\server\node_modules\egg-logrotator\app\schedule\clean_log.js next time will execute after 55483063ms at 2019-05-14 00:00:00.003
2019-05-13 08:35:16,940 INFO 4996 [Timer] C:\Users\Administrator\Desktop\vant_ui\server\node_modules\egg-logrotator\app\schedule\rotate_by_file.js next time will execute after 55484060ms at 2019-05-14 00:00:01.000
2019-05-13 09:48:36,717 INFO 4016 [egg-schedule]: register schedule C:\Users\Administrator\Desktop\vant_ui\server\node_modules\egg-logrotator\app\schedule\clean_log.js
2019-05-13 09:48:36,717 INFO 4016 [egg-schedule]: register schedule C:\Users\Administrator\Desktop\vant_ui\server\node_modules\egg-logrotator\app\schedule\rotate_by_file.js
2019-05-13 09:48:39,120 INFO 5792 [Timer] C:\Users\Administrator\Desktop\vant_ui\server\node_modules\egg-logrotator\app\schedule\clean_log.js next time will execute after 51080882ms at 2019-05-14 00:00:00.002
2019-05-13 09:48:39,121 INFO 5792 [Timer] C:\Users\Administrator\Desktop\vant_ui\server\node_modules\egg-logrotator\app\schedule\rotate_by_file.js next time will execute after 51081879ms at 2019-05-14 00:00:01.000
2019-05-13 15:09:14,900 INFO 3960 [egg-schedule]: register schedule C:\Users\Administrator\Desktop\vant_ui\server\node_modules\egg-logrotator\app\schedule\clean_log.js
2019-05-13 15:09:14,901 INFO 3960 [egg-schedule]: register schedule C:\Users\Administrator\Desktop\vant_ui\server\node_modules\egg-logrotator\app\schedule\rotate_by_file.js
2019-05-13 15:09:16,090 INFO 2004 [Timer] C:\Users\Administrator\Desktop\vant_ui\server\node_modules\egg-logrotator\app\schedule\clean_log.js next time will execute after 31843912ms at 2019-05-14 00:00:00.002
2019-05-13 15:09:16,090 INFO 2004 [Timer] C:\Users\Administrator\Desktop\vant_ui\server\node_modules\egg-logrotator\app\schedule\rotate_by_file.js next time will execute after 31844910ms at 2019-05-14 00:00:01.000
2019-05-14 08:14:36,549 INFO 4648 [egg-schedule]: register schedule C:\Users\Administrator\Desktop\vant_ui\server\node_modules\egg-logrotator\app\schedule\clean_log.js
2019-05-14 08:14:36,549 INFO 4648 [egg-schedule]: register schedule C:\Users\Administrator\Desktop\vant_ui\server\node_modules\egg-logrotator\app\schedule\rotate_by_file.js
2019-05-14 08:14:37,680 INFO 4588 [Timer] C:\Users\Administrator\Desktop\vant_ui\server\node_modules\egg-logrotator\app\schedule\clean_log.js next time will execute after 56722323ms at 2019-05-15 00:00:00.003
2019-05-14 08:14:37,680 INFO 4588 [Timer] C:\Users\Administrator\Desktop\vant_ui\server\node_modules\egg-logrotator\app\schedule\rotate_by_file.js next time will execute after 56723320ms at 2019-05-15 00:00:01.000
2019-05-15 08:22:27,388 INFO 4696 [egg-schedule]: register schedule C:\Users\Administrator\Desktop\vant_ui\server\node_modules\egg-logrotator\app\schedule\clean_log.js
2019-05-15 08:22:27,388 INFO 4696 [egg-schedule]: register schedule C:\Users\Administrator\Desktop\vant_ui\server\node_modules\egg-logrotator\app\schedule\rotate_by_file.js
2019-05-15 08:22:28,375 INFO 4148 [Timer] C:\Users\Administrator\Desktop\vant_ui\server\node_modules\egg-logrotator\app\schedule\clean_log.js next time will execute after 56251627ms at 2019-05-16 00:00:00.002
2019-05-15 08:22:28,375 INFO 4148 [Timer] C:\Users\Administrator\Desktop\vant_ui\server\node_modules\egg-logrotator\app\schedule\rotate_by_file.js next time will execute after 56252625ms at 2019-05-16 00:00:01.000
2019-05-16 09:11:27,831 INFO 4308 [egg-schedule]: register schedule C:\Users\Administrator\Desktop\vant_ui\server\node_modules\egg-logrotator\app\schedule\clean_log.js
2019-05-16 09:11:27,831 INFO 4308 [egg-schedule]: register schedule C:\Users\Administrator\Desktop\vant_ui\server\node_modules\egg-logrotator\app\schedule\rotate_by_file.js
2019-05-16 09:11:29,009 INFO 4248 [Timer] C:\Users\Administrator\Desktop\vant_ui\server\node_modules\egg-logrotator\app\schedule\clean_log.js next time will execute after 53310994ms at 2019-05-17 00:00:00.003
2019-05-16 09:11:29,010 INFO 4248 [Timer] C:\Users\Administrator\Desktop\vant_ui\server\node_modules\egg-logrotator\app\schedule\rotate_by_file.js next time will execute after 53311991ms at 2019-05-17 00:00:01.001
2019-05-17 08:12:49,855 INFO 728 [egg-schedule]: register schedule C:\Users\Administrator\Desktop\vant_ui\server\node_modules\egg-logrotator\app\schedule\clean_log.js
2019-05-17 08:12:49,855 INFO 728 [egg-schedule]: register schedule C:\Users\Administrator\Desktop\vant_ui\server\node_modules\egg-logrotator\app\schedule\rotate_by_file.js
2019-05-17 08:12:51,317 INFO 2364 [Timer] C:\Users\Administrator\Desktop\vant_ui\server\node_modules\egg-logrotator\app\schedule\clean_log.js next time will execute after 56828684ms at 2019-05-18 00:00:00.001
2019-05-17 08:12:51,318 INFO 2364 [Timer] C:\Users\Administrator\Desktop\vant_ui\server\node_modules\egg-logrotator\app\schedule\rotate_by_file.js next time will execute after 56829683ms at 2019-05-18 00:00:01.001
2019-05-18 08:48:59,321 INFO 1784 [egg-schedule]: register schedule C:\Users\Administrator\Desktop\vant_ui\server\node_modules\egg-logrotator\app\schedule\clean_log.js
2019-05-18 08:48:59,321 INFO 1784 [egg-schedule]: register schedule C:\Users\Administrator\Desktop\vant_ui\server\node_modules\egg-logrotator\app\schedule\rotate_by_file.js
2019-05-18 08:49:00,745 INFO 4100 [Timer] C:\Users\Administrator\Desktop\vant_ui\server\node_modules\egg-logrotator\app\schedule\clean_log.js next time will execute after 54659258ms at 2019-05-19 00:00:00.003
2019-05-18 08:49:00,745 INFO 4100 [Timer] C:\Users\Administrator\Desktop\vant_ui\server\node_modules\egg-logrotator\app\schedule\rotate_by_file.js next time will execute after 54660255ms at 2019-05-19 00:00:01.000
2019-05-18 10:42:45,773 INFO 4656 [egg-schedule]: register schedule C:\Users\Administrator\Desktop\vant_ui\server\node_modules\egg-logrotator\app\schedule\clean_log.js
2019-05-18 10:42:45,773 INFO 4656 [egg-schedule]: register schedule C:\Users\Administrator\Desktop\vant_ui\server\node_modules\egg-logrotator\app\schedule\rotate_by_file.js
2019-05-18 10:42:46,792 INFO 4652 [Timer] C:\Users\Administrator\Desktop\vant_ui\server\node_modules\egg-logrotator\app\schedule\clean_log.js next time will execute after 47833209ms at 2019-05-19 00:00:00.001
2019-05-18 10:42:46,793 INFO 4652 [Timer] C:\Users\Administrator\Desktop\vant_ui\server\node_modules\egg-logrotator\app\schedule\rotate_by_file.js next time will execute after 47834208ms at 2019-05-19 00:00:01.001
