2019-04-26 21:53:24,588 INFO 12066 [egg:logger] init all loggers with options: {"dir":"/Users/lp1/Downloads/Vue-shopping-master/egg/logs/server","encoding":"utf8","env":"local","level":"INFO","consoleLevel":"INFO","disableConsoleAfterReady":false,"outputJSON":false,"buffer":true,"appLogName":"server-web.log","coreLogName":"egg-web.log","agentLogName":"egg-agent.log","errorLogName":"common-error.log","coreLogger":{"consoleLevel":"WARN"},"allowDebugAtProd":false,"type":"application"}
2019-04-26 21:53:24,620 INFO 12066 [egg-multipart] stream mode enable
2019-04-26 21:53:24,844 INFO 12066 [egg-mongoose] connecting mongodb://127.0.0.1/shoppingMall
2019-04-26 21:53:25,038 INFO 12066 [egg-static] starting static serve /public/ -> /Users/lp1/Downloads/Vue-shopping-master/egg/app/public
2019-04-26 21:53:25,040 INFO 12066 [egg-security] use methodnoallow middleware
2019-04-26 21:53:25,040 INFO 12066 [egg-security] use noopen middleware
2019-04-26 21:53:25,041 INFO 12066 [egg-security] use nosniff middleware
2019-04-26 21:53:25,041 INFO 12066 [egg-security] use xssProtection middleware
2019-04-26 21:53:25,041 INFO 12066 [egg-security] use xframe middleware
2019-04-26 21:53:25,042 INFO 12066 [egg-security] use dta middleware
2019-04-26 21:53:25,042 INFO 12066 [egg-security] compose 6 middlewares into one security middleware
2019-04-26 21:53:25,054 INFO 12066 [egg:core] dump config after load, 4ms
2019-04-26 21:53:25,056 INFO 12066 [egg-mongoose] starting...
2019-04-26 21:53:25,103 INFO 12066 [egg-watcher:application] watcher start success
2019-04-26 21:53:25,106 INFO 12066 [egg-mongoose] mongodb://127.0.0.1/shoppingMall connected successfully
2019-04-26 21:53:25,113 INFO 12066 [egg-mongoose] instance[0] start successfully
2019-04-26 21:53:25,122 INFO 12066 [egg:core] dump config after ready, 7ms
2019-04-27 08:36:27,825 INFO 6732 [egg:logger] init all loggers with options: {"dir":"C:\\Users\\Administrator\\Desktop\\shop\\server\\logs\\server","encoding":"utf8","env":"local","level":"INFO","consoleLevel":"INFO","disableConsoleAfterReady":false,"outputJSON":false,"buffer":true,"appLogName":"server-web.log","coreLogName":"egg-web.log","agentLogName":"egg-agent.log","errorLogName":"common-error.log","coreLogger":{"consoleLevel":"WARN"},"allowDebugAtProd":false,"type":"application"}
2019-04-27 08:36:27,870 INFO 6732 [egg-multipart] stream mode enable
2019-04-27 08:36:28,159 INFO 6732 [egg-mongoose] connecting mongodb://127.0.0.1/shoppingMall
2019-04-27 08:36:28,444 INFO 6732 [egg-static] starting static serve /public/ -> C:\Users\Administrator\Desktop\shop\server\app\public
2019-04-27 08:36:28,447 INFO 6732 [egg-security] use methodnoallow middleware
2019-04-27 08:36:28,448 INFO 6732 [egg-security] use noopen middleware
2019-04-27 08:36:28,449 INFO 6732 [egg-security] use nosniff middleware
2019-04-27 08:36:28,449 INFO 6732 [egg-security] use xssProtection middleware
2019-04-27 08:36:28,451 INFO 6732 [egg-security] use xframe middleware
2019-04-27 08:36:28,452 INFO 6732 [egg-security] use dta middleware
2019-04-27 08:36:28,452 INFO 6732 [egg-security] compose 6 middlewares into one security middleware
2019-04-27 08:36:28,472 INFO 6732 [egg:core] dump config after load, 5ms
2019-04-27 08:36:28,475 INFO 6732 [egg-mongoose] starting...
2019-04-27 08:36:28,514 INFO 6732 [egg-mongoose] mongodb://127.0.0.1/shoppingMall connected successfully
2019-04-27 08:36:28,522 INFO 6732 [egg-mongoose] instance[0] start successfully
2019-04-27 08:36:28,524 INFO 6732 [egg-watcher:application] watcher start success
2019-04-27 08:36:28,531 INFO 6732 [egg:core] dump config after ready, 6ms
2019-04-27 10:25:49,253 INFO 3124 [egg:logger] init all loggers with options: {"dir":"C:\\Users\\Administrator\\Desktop\\shop\\server\\logs\\server","encoding":"utf8","env":"local","level":"INFO","consoleLevel":"INFO","disableConsoleAfterReady":false,"outputJSON":false,"buffer":true,"appLogName":"server-web.log","coreLogName":"egg-web.log","agentLogName":"egg-agent.log","errorLogName":"common-error.log","coreLogger":{"consoleLevel":"WARN"},"allowDebugAtProd":false,"type":"application"}
2019-04-27 10:25:49,290 INFO 3124 [egg-multipart] stream mode enable
2019-04-27 10:25:49,771 INFO 3124 [egg-mongoose] connecting mongodb://127.0.0.1/shoppingMall
2019-04-27 10:25:50,103 INFO 3124 [egg-static] starting static serve /public/ -> C:\Users\Administrator\Desktop\shop\server\app\public
2019-04-27 10:25:50,106 INFO 3124 [egg-security] use methodnoallow middleware
2019-04-27 10:25:50,106 INFO 3124 [egg-security] use noopen middleware
2019-04-27 10:25:50,107 INFO 3124 [egg-security] use nosniff middleware
2019-04-27 10:25:50,108 INFO 3124 [egg-security] use xssProtection middleware
2019-04-27 10:25:50,109 INFO 3124 [egg-security] use xframe middleware
2019-04-27 10:25:50,110 INFO 3124 [egg-security] use dta middleware
2019-04-27 10:25:50,110 INFO 3124 [egg-security] compose 6 middlewares into one security middleware
2019-04-27 10:25:50,132 INFO 3124 [egg:core] dump config after load, 8ms
2019-04-27 10:25:50,136 INFO 3124 [egg-mongoose] starting...
2019-04-27 10:25:50,176 INFO 3124 [egg-mongoose] mongodb://127.0.0.1/shoppingMall connected successfully
2019-04-27 10:25:50,183 INFO 3124 [egg-mongoose] instance[0] start successfully
2019-04-27 10:25:50,188 INFO 3124 [egg-watcher:application] watcher start success
2019-04-27 10:25:50,198 INFO 3124 [egg:core] dump config after ready, 8ms
2019-04-30 13:56:42,538 INFO 7004 [egg:logger] init all loggers with options: {"dir":"C:\\Users\\Administrator\\Desktop\\shop\\server\\logs\\server","encoding":"utf8","env":"local","level":"INFO","consoleLevel":"INFO","disableConsoleAfterReady":false,"outputJSON":false,"buffer":true,"appLogName":"server-web.log","coreLogName":"egg-web.log","agentLogName":"egg-agent.log","errorLogName":"common-error.log","coreLogger":{"consoleLevel":"WARN"},"allowDebugAtProd":false,"type":"application"}
2019-04-30 13:56:42,574 INFO 7004 [egg-multipart] stream mode enable
2019-04-30 13:56:42,879 INFO 7004 [egg-mongoose] connecting mongodb://127.0.0.1/shoppingMall
2019-04-30 13:56:43,116 INFO 7004 [egg-static] starting static serve /public/ -> C:\Users\Administrator\Desktop\shop\server\app\public
2019-04-30 13:56:43,119 INFO 7004 [egg-security] use methodnoallow middleware
2019-04-30 13:56:43,119 INFO 7004 [egg-security] use noopen middleware
2019-04-30 13:56:43,120 INFO 7004 [egg-security] use nosniff middleware
2019-04-30 13:56:43,121 INFO 7004 [egg-security] use xssProtection middleware
2019-04-30 13:56:43,121 INFO 7004 [egg-security] use xframe middleware
2019-04-30 13:56:43,121 INFO 7004 [egg-security] use dta middleware
2019-04-30 13:56:43,121 INFO 7004 [egg-security] compose 6 middlewares into one security middleware
2019-04-30 13:56:43,339 INFO 7004 [egg:core] dump config after load, 25ms
2019-04-30 13:56:43,347 INFO 7004 [egg-mongoose] starting...
2019-04-30 13:56:43,402 INFO 7004 [egg-watcher:application] watcher start success
2019-04-30 13:56:43,517 INFO 7004 [egg-mongoose] mongodb://127.0.0.1/shoppingMall connected successfully
2019-04-30 13:56:43,538 INFO 7004 [egg-mongoose] instance[0] start successfully
2019-04-30 13:56:43,555 INFO 7004 [egg:core] dump config after ready, 12ms
2019-04-30 14:03:27,941 INFO 1108 [egg:logger] init all loggers with options: {"dir":"C:\\Users\\Administrator\\Desktop\\shop\\server\\logs\\server","encoding":"utf8","env":"local","level":"INFO","consoleLevel":"INFO","disableConsoleAfterReady":false,"outputJSON":false,"buffer":true,"appLogName":"server-web.log","coreLogName":"egg-web.log","agentLogName":"egg-agent.log","errorLogName":"common-error.log","coreLogger":{"consoleLevel":"WARN"},"allowDebugAtProd":false,"type":"application"}
2019-04-30 14:03:27,982 INFO 1108 [egg-multipart] stream mode enable
2019-04-30 14:03:28,494 INFO 1108 [egg-mongoose] connecting mongodb://127.0.0.1/shoppingMall
2019-04-30 14:03:28,868 INFO 1108 [egg-static] starting static serve /public/ -> C:\Users\Administrator\Desktop\shop\server\app\public
2019-04-30 14:03:28,871 INFO 1108 [egg-security] use methodnoallow middleware
2019-04-30 14:03:28,872 INFO 1108 [egg-security] use noopen middleware
2019-04-30 14:03:28,873 INFO 1108 [egg-security] use nosniff middleware
2019-04-30 14:03:28,874 INFO 1108 [egg-security] use xssProtection middleware
2019-04-30 14:03:28,875 INFO 1108 [egg-security] use xframe middleware
2019-04-30 14:03:28,875 INFO 1108 [egg-security] use dta middleware
2019-04-30 14:03:28,875 INFO 1108 [egg-security] compose 6 middlewares into one security middleware
2019-04-30 14:03:28,898 INFO 1108 [egg:core] dump config after load, 5ms
2019-04-30 14:03:28,901 INFO 1108 [egg-mongoose] starting...
2019-04-30 14:03:28,938 INFO 1108 [egg-mongoose] mongodb://127.0.0.1/shoppingMall connected successfully
2019-04-30 14:03:28,945 INFO 1108 [egg-mongoose] instance[0] start successfully
2019-04-30 14:03:28,948 INFO 1108 [egg-watcher:application] watcher start success
2019-04-30 14:03:28,958 INFO 1108 [egg:core] dump config after ready, 7ms
2019-04-30 15:00:05,761 INFO 6380 [egg:logger] init all loggers with options: {"dir":"C:\\Users\\Administrator\\Desktop\\shop\\server\\logs\\server","encoding":"utf8","env":"local","level":"INFO","consoleLevel":"INFO","disableConsoleAfterReady":false,"outputJSON":false,"buffer":true,"appLogName":"server-web.log","coreLogName":"egg-web.log","agentLogName":"egg-agent.log","errorLogName":"common-error.log","coreLogger":{"consoleLevel":"WARN"},"allowDebugAtProd":false,"type":"application"}
2019-04-30 15:00:05,801 INFO 6380 [egg-multipart] stream mode enable
2019-04-30 15:00:06,250 INFO 6380 [egg-mongoose] connecting mongodb://127.0.0.1/shoppingMall
2019-04-30 15:00:06,600 INFO 6380 [egg-static] starting static serve /public/ -> C:\Users\Administrator\Desktop\shop\server\app\public
2019-04-30 15:00:06,603 INFO 6380 [egg-security] use methodnoallow middleware
2019-04-30 15:00:06,603 INFO 6380 [egg-security] use noopen middleware
2019-04-30 15:00:06,604 INFO 6380 [egg-security] use nosniff middleware
2019-04-30 15:00:06,605 INFO 6380 [egg-security] use xssProtection middleware
2019-04-30 15:00:06,605 INFO 6380 [egg-security] use xframe middleware
2019-04-30 15:00:06,606 INFO 6380 [egg-security] use dta middleware
2019-04-30 15:00:06,606 INFO 6380 [egg-security] compose 6 middlewares into one security middleware
2019-04-30 15:00:06,632 INFO 6380 [egg:core] dump config after load, 6ms
2019-04-30 15:00:06,635 INFO 6380 [egg-mongoose] starting...
2019-04-30 15:00:06,674 INFO 6380 [egg-mongoose] mongodb://127.0.0.1/shoppingMall connected successfully
2019-04-30 15:00:06,681 INFO 6380 [egg-mongoose] instance[0] start successfully
2019-04-30 15:00:06,686 INFO 6380 [egg-watcher:application] watcher start success
2019-04-30 15:00:06,693 INFO 6380 [egg:core] dump config after ready, 5ms
2019-04-30 15:01:10,396 INFO 6940 [egg:logger] init all loggers with options: {"dir":"C:\\Users\\Administrator\\Desktop\\shop\\server\\logs\\server","encoding":"utf8","env":"local","level":"INFO","consoleLevel":"INFO","disableConsoleAfterReady":false,"outputJSON":false,"buffer":true,"appLogName":"server-web.log","coreLogName":"egg-web.log","agentLogName":"egg-agent.log","errorLogName":"common-error.log","coreLogger":{"consoleLevel":"WARN"},"allowDebugAtProd":false,"type":"application"}
2019-04-30 15:01:10,434 INFO 6940 [egg-multipart] stream mode enable
2019-04-30 15:01:10,738 INFO 6940 [egg-mongoose] connecting mongodb://127.0.0.1/shoppingMall
2019-04-30 15:01:11,030 INFO 6940 [egg-static] starting static serve /public/ -> C:\Users\Administrator\Desktop\shop\server\app\public
2019-04-30 15:01:11,033 INFO 6940 [egg-security] use methodnoallow middleware
2019-04-30 15:01:11,034 INFO 6940 [egg-security] use noopen middleware
2019-04-30 15:01:11,035 INFO 6940 [egg-security] use nosniff middleware
2019-04-30 15:01:11,036 INFO 6940 [egg-security] use xssProtection middleware
2019-04-30 15:01:11,036 INFO 6940 [egg-security] use xframe middleware
2019-04-30 15:01:11,037 INFO 6940 [egg-security] use dta middleware
2019-04-30 15:01:11,037 INFO 6940 [egg-security] compose 6 middlewares into one security middleware
2019-04-30 15:01:11,070 INFO 6940 [egg:core] dump config after load, 8ms
2019-04-30 15:01:11,073 INFO 6940 [egg-mongoose] starting...
2019-04-30 15:01:11,119 INFO 6940 [egg-mongoose] mongodb://127.0.0.1/shoppingMall connected successfully
2019-04-30 15:01:11,127 INFO 6940 [egg-mongoose] instance[0] start successfully
2019-04-30 15:01:11,132 INFO 6940 [egg-watcher:application] watcher start success
2019-04-30 15:01:11,141 INFO 6940 [egg:core] dump config after ready, 7ms
2019-04-30 15:10:23,263 INFO 1588 [egg:logger] init all loggers with options: {"dir":"C:\\Users\\Administrator\\Desktop\\shop\\server\\logs\\server","encoding":"utf8","env":"local","level":"INFO","consoleLevel":"INFO","disableConsoleAfterReady":false,"outputJSON":false,"buffer":true,"appLogName":"server-web.log","coreLogName":"egg-web.log","agentLogName":"egg-agent.log","errorLogName":"common-error.log","coreLogger":{"consoleLevel":"WARN"},"allowDebugAtProd":false,"type":"application"}
2019-04-30 15:10:23,301 INFO 1588 [egg-multipart] stream mode enable
2019-04-30 15:10:23,661 INFO 1588 [egg-mongoose] connecting mongodb://127.0.0.1/shoppingMall
2019-04-30 15:10:23,886 INFO 1588 [egg-static] starting static serve /public/ -> C:\Users\Administrator\Desktop\shop\server\app\public
2019-04-30 15:10:23,888 INFO 1588 [egg-security] use methodnoallow middleware
2019-04-30 15:10:23,889 INFO 1588 [egg-security] use noopen middleware
2019-04-30 15:10:23,890 INFO 1588 [egg-security] use nosniff middleware
2019-04-30 15:10:23,890 INFO 1588 [egg-security] use xssProtection middleware
2019-04-30 15:10:23,891 INFO 1588 [egg-security] use xframe middleware
2019-04-30 15:10:23,891 INFO 1588 [egg-security] use dta middleware
2019-04-30 15:10:23,891 INFO 1588 [egg-security] compose 6 middlewares into one security middleware
2019-04-30 15:10:23,915 INFO 1588 [egg:core] dump config after load, 6ms
2019-04-30 15:10:23,918 INFO 1588 [egg-mongoose] starting...
2019-04-30 15:10:23,966 INFO 1588 [egg-mongoose] mongodb://127.0.0.1/shoppingMall connected successfully
2019-04-30 15:10:23,973 INFO 1588 [egg-mongoose] instance[0] start successfully
2019-04-30 15:10:23,975 INFO 1588 [egg-watcher:application] watcher start success
2019-04-30 15:10:23,985 INFO 1588 [egg:core] dump config after ready, 6ms
2019-04-30 16:00:34,873 INFO 2516 [egg:logger] init all loggers with options: {"dir":"C:\\Users\\Administrator\\Desktop\\shop\\server\\logs\\server","encoding":"utf8","env":"local","level":"INFO","consoleLevel":"INFO","disableConsoleAfterReady":false,"outputJSON":false,"buffer":true,"appLogName":"server-web.log","coreLogName":"egg-web.log","agentLogName":"egg-agent.log","errorLogName":"common-error.log","coreLogger":{"consoleLevel":"WARN"},"allowDebugAtProd":false,"type":"application"}
2019-04-30 16:00:34,907 INFO 2516 [egg-multipart] stream mode enable
2019-04-30 16:00:35,337 INFO 2516 [egg-mongoose] connecting mongodb://127.0.0.1/shoppingMall
2019-04-30 16:00:35,694 INFO 2516 [egg-static] starting static serve /public/ -> C:\Users\Administrator\Desktop\shop\server\app\public
2019-04-30 16:00:35,696 INFO 2516 [egg-security] use methodnoallow middleware
2019-04-30 16:00:35,697 INFO 2516 [egg-security] use noopen middleware
2019-04-30 16:00:35,698 INFO 2516 [egg-security] use nosniff middleware
2019-04-30 16:00:35,699 INFO 2516 [egg-security] use xssProtection middleware
2019-04-30 16:00:35,699 INFO 2516 [egg-security] use xframe middleware
2019-04-30 16:00:35,700 INFO 2516 [egg-security] use dta middleware
2019-04-30 16:00:35,700 INFO 2516 [egg-security] compose 6 middlewares into one security middleware
2019-04-30 16:00:35,724 INFO 2516 [egg:core] dump config after load, 6ms
2019-04-30 16:00:35,728 INFO 2516 [egg-mongoose] starting...
2019-04-30 16:00:35,778 INFO 2516 [egg-mongoose] mongodb://127.0.0.1/shoppingMall connected successfully
2019-04-30 16:00:35,785 INFO 2516 [egg-mongoose] instance[0] start successfully
2019-04-30 16:00:35,787 INFO 2516 [egg-watcher:application] watcher start success
2019-04-30 16:00:35,797 INFO 2516 [egg:core] dump config after ready, 7ms
2019-04-30 16:27:58,964 INFO 1652 [egg:logger] init all loggers with options: {"dir":"C:\\Users\\Administrator\\Desktop\\shop\\server\\logs\\server","encoding":"utf8","env":"local","level":"INFO","consoleLevel":"INFO","disableConsoleAfterReady":false,"outputJSON":false,"buffer":true,"appLogName":"server-web.log","coreLogName":"egg-web.log","agentLogName":"egg-agent.log","errorLogName":"common-error.log","coreLogger":{"consoleLevel":"WARN"},"allowDebugAtProd":false,"type":"application"}
2019-04-30 16:27:59,004 INFO 1652 [egg-multipart] stream mode enable
2019-04-30 16:27:59,447 INFO 1652 [egg-mongoose] connecting mongodb://127.0.0.1/shoppingMall
2019-04-30 16:27:59,766 INFO 1652 [egg-static] starting static serve /public/ -> C:\Users\Administrator\Desktop\shop\server\app\public
2019-04-30 16:27:59,768 INFO 1652 [egg-security] use methodnoallow middleware
2019-04-30 16:27:59,769 INFO 1652 [egg-security] use noopen middleware
2019-04-30 16:27:59,770 INFO 1652 [egg-security] use nosniff middleware
2019-04-30 16:27:59,770 INFO 1652 [egg-security] use xssProtection middleware
2019-04-30 16:27:59,771 INFO 1652 [egg-security] use xframe middleware
2019-04-30 16:27:59,771 INFO 1652 [egg-security] use dta middleware
2019-04-30 16:27:59,771 INFO 1652 [egg-security] compose 6 middlewares into one security middleware
2019-04-30 16:27:59,791 INFO 1652 [egg:core] dump config after load, 7ms
2019-04-30 16:27:59,795 INFO 1652 [egg-mongoose] starting...
2019-04-30 16:27:59,855 INFO 1652 [egg-mongoose] mongodb://127.0.0.1/shoppingMall connected successfully
2019-04-30 16:27:59,867 INFO 1652 [egg-mongoose] instance[0] start successfully
2019-04-30 16:27:59,872 INFO 1652 [egg-watcher:application] watcher start success
2019-04-30 16:27:59,891 INFO 1652 [egg:core] dump config after ready, 17ms
2019-05-08 11:13:01,282 INFO 7920 [egg:logger] init all loggers with options: {"dir":"C:\\Users\\Administrator\\Desktop\\shop\\server\\logs\\server","encoding":"utf8","env":"local","level":"INFO","consoleLevel":"INFO","disableConsoleAfterReady":false,"outputJSON":false,"buffer":true,"appLogName":"server-web.log","coreLogName":"egg-web.log","agentLogName":"egg-agent.log","errorLogName":"common-error.log","coreLogger":{"consoleLevel":"WARN"},"allowDebugAtProd":false,"type":"application"}
2019-05-08 11:13:01,317 INFO 7920 [egg-multipart] stream mode enable
2019-05-08 11:13:01,786 INFO 7920 [egg-mongoose] connecting mongodb://127.0.0.1/shoppingMall
2019-05-08 11:13:02,170 INFO 7920 [egg-static] starting static serve /public/ -> C:\Users\Administrator\Desktop\shop\server\app\public
2019-05-08 11:13:02,173 INFO 7920 [egg-security] use methodnoallow middleware
2019-05-08 11:13:02,174 INFO 7920 [egg-security] use noopen middleware
2019-05-08 11:13:02,175 INFO 7920 [egg-security] use nosniff middleware
2019-05-08 11:13:02,176 INFO 7920 [egg-security] use xssProtection middleware
2019-05-08 11:13:02,176 INFO 7920 [egg-security] use xframe middleware
2019-05-08 11:13:02,177 INFO 7920 [egg-security] use dta middleware
2019-05-08 11:13:02,177 INFO 7920 [egg-security] compose 6 middlewares into one security middleware
2019-05-08 11:13:02,203 INFO 7920 [egg:core] dump config after load, 7ms
2019-05-08 11:13:02,205 INFO 7920 [egg-mongoose] starting...
2019-05-08 11:13:02,244 INFO 7920 [egg-mongoose] mongodb://127.0.0.1/shoppingMall connected successfully
2019-05-08 11:13:02,251 INFO 7920 [egg-mongoose] instance[0] start successfully
2019-05-08 11:13:02,253 INFO 7920 [egg-watcher:application] watcher start success
2019-05-08 11:13:02,265 INFO 7920 [egg:core] dump config after ready, 9ms
2019-05-08 16:19:35,343 INFO 6608 [egg:logger] init all loggers with options: {"dir":"C:\\Users\\Administrator\\Desktop\\shop\\server\\logs\\server","encoding":"utf8","env":"local","level":"INFO","consoleLevel":"INFO","disableConsoleAfterReady":false,"outputJSON":false,"buffer":true,"appLogName":"server-web.log","coreLogName":"egg-web.log","agentLogName":"egg-agent.log","errorLogName":"common-error.log","coreLogger":{"consoleLevel":"WARN"},"allowDebugAtProd":false,"type":"application"}
2019-05-08 16:19:35,395 INFO 6608 [egg-multipart] stream mode enable
2019-05-08 16:19:36,206 INFO 6608 [egg-mongoose] connecting mongodb://127.0.0.1/shoppingMall
2019-05-08 16:19:36,761 INFO 6608 [egg-static] starting static serve /public/ -> C:\Users\Administrator\Desktop\shop\server\app\public
2019-05-08 16:19:36,765 INFO 6608 [egg-security] use methodnoallow middleware
2019-05-08 16:19:36,765 INFO 6608 [egg-security] use noopen middleware
2019-05-08 16:19:36,767 INFO 6608 [egg-security] use nosniff middleware
2019-05-08 16:19:36,767 INFO 6608 [egg-security] use xssProtection middleware
2019-05-08 16:19:36,768 INFO 6608 [egg-security] use xframe middleware
2019-05-08 16:19:36,769 INFO 6608 [egg-security] use dta middleware
2019-05-08 16:19:36,769 INFO 6608 [egg-security] compose 6 middlewares into one security middleware
2019-05-08 16:19:36,812 INFO 6608 [egg:core] dump config after load, 17ms
2019-05-08 16:19:36,816 INFO 6608 [egg-mongoose] starting...
2019-05-08 16:19:36,882 INFO 6608 [egg-mongoose] mongodb://127.0.0.1/shoppingMall connected successfully
2019-05-08 16:19:36,894 INFO 6608 [egg-mongoose] instance[0] start successfully
2019-05-08 16:19:36,897 INFO 6608 [egg-watcher:application] watcher start success
2019-05-08 16:19:36,916 INFO 6608 [egg:core] dump config after ready, 14ms
2019-05-10 08:53:01,754 INFO 3636 [egg:logger] init all loggers with options: {"dir":"C:\\Users\\Administrator\\Desktop\\shop\\server\\logs\\server","encoding":"utf8","env":"local","level":"INFO","consoleLevel":"INFO","disableConsoleAfterReady":false,"outputJSON":false,"buffer":true,"appLogName":"server-web.log","coreLogName":"egg-web.log","agentLogName":"egg-agent.log","errorLogName":"common-error.log","coreLogger":{"consoleLevel":"WARN"},"allowDebugAtProd":false,"type":"application"}
2019-05-10 08:53:01,791 INFO 3636 [egg-multipart] stream mode enable
2019-05-10 08:53:02,221 INFO 3636 [egg-mongoose] connecting mongodb://127.0.0.1/shoppingMall
2019-05-10 08:53:02,558 INFO 3636 [egg-static] starting static serve /public/ -> C:\Users\Administrator\Desktop\shop\server\app\public
2019-05-10 08:53:02,566 INFO 3636 [egg-security] use methodnoallow middleware
2019-05-10 08:53:02,567 INFO 3636 [egg-security] use noopen middleware
2019-05-10 08:53:02,568 INFO 3636 [egg-security] use nosniff middleware
2019-05-10 08:53:02,569 INFO 3636 [egg-security] use xssProtection middleware
2019-05-10 08:53:02,569 INFO 3636 [egg-security] use xframe middleware
2019-05-10 08:53:02,570 INFO 3636 [egg-security] use dta middleware
2019-05-10 08:53:02,570 INFO 3636 [egg-security] compose 6 middlewares into one security middleware
2019-05-10 08:53:02,592 INFO 3636 [egg:core] dump config after load, 5ms
2019-05-10 08:53:02,596 INFO 3636 [egg-mongoose] starting...
2019-05-10 08:53:02,634 INFO 3636 [egg-watcher:application] watcher start success
2019-05-10 08:53:02,638 INFO 3636 [egg-mongoose] mongodb://127.0.0.1/shoppingMall connected successfully
2019-05-10 08:53:02,645 INFO 3636 [egg-mongoose] instance[0] start successfully
2019-05-10 08:53:02,651 INFO 3636 [egg:core] dump config after ready, 5ms
2019-05-10 08:53:17,447 INFO 7048 [egg:logger] init all loggers with options: {"dir":"C:\\Users\\Administrator\\Desktop\\shop\\server\\logs\\server","encoding":"utf8","env":"local","level":"INFO","consoleLevel":"INFO","disableConsoleAfterReady":false,"outputJSON":false,"buffer":true,"appLogName":"server-web.log","coreLogName":"egg-web.log","agentLogName":"egg-agent.log","errorLogName":"common-error.log","coreLogger":{"consoleLevel":"WARN"},"allowDebugAtProd":false,"type":"application"}
2019-05-10 08:53:17,484 INFO 7048 [egg-multipart] stream mode enable
2019-05-10 08:53:17,774 INFO 7048 [egg-mongoose] connecting mongodb://127.0.0.1/shoppingMall
2019-05-10 08:53:18,005 INFO 7048 [egg-static] starting static serve /public/ -> C:\Users\Administrator\Desktop\shop\server\app\public
2019-05-10 08:53:18,008 INFO 7048 [egg-security] use methodnoallow middleware
2019-05-10 08:53:18,008 INFO 7048 [egg-security] use noopen middleware
2019-05-10 08:53:18,009 INFO 7048 [egg-security] use nosniff middleware
2019-05-10 08:53:18,009 INFO 7048 [egg-security] use xssProtection middleware
2019-05-10 08:53:18,010 INFO 7048 [egg-security] use xframe middleware
2019-05-10 08:53:18,010 INFO 7048 [egg-security] use dta middleware
2019-05-10 08:53:18,010 INFO 7048 [egg-security] compose 6 middlewares into one security middleware
2019-05-10 08:53:18,028 INFO 7048 [egg:core] dump config after load, 6ms
2019-05-10 08:53:18,030 INFO 7048 [egg-mongoose] starting...
2019-05-10 08:53:18,066 INFO 7048 [egg-mongoose] mongodb://127.0.0.1/shoppingMall connected successfully
2019-05-10 08:53:18,073 INFO 7048 [egg-mongoose] instance[0] start successfully
2019-05-10 08:53:18,075 INFO 7048 [egg-watcher:application] watcher start success
2019-05-10 08:53:18,087 INFO 7048 [egg:core] dump config after ready, 6ms
2019-05-13 08:35:15,137 INFO 5616 [egg:logger] init all loggers with options: {"dir":"C:\\Users\\Administrator\\Desktop\\vant_ui\\server\\logs\\server","encoding":"utf8","env":"local","level":"INFO","consoleLevel":"INFO","disableConsoleAfterReady":false,"outputJSON":false,"buffer":true,"appLogName":"server-web.log","coreLogName":"egg-web.log","agentLogName":"egg-agent.log","errorLogName":"common-error.log","coreLogger":{"consoleLevel":"WARN"},"allowDebugAtProd":false,"type":"application"}
2019-05-13 08:35:15,232 INFO 5616 [egg-multipart] stream mode enable
2019-05-13 08:35:16,063 INFO 5616 [egg-mongoose] connecting mongodb://127.0.0.1/shoppingMall
2019-05-13 08:35:16,711 INFO 5616 [egg-static] starting static serve /public/ -> C:\Users\Administrator\Desktop\vant_ui\server\app\public
2019-05-13 08:35:16,715 INFO 5616 [egg-security] use methodnoallow middleware
2019-05-13 08:35:16,716 INFO 5616 [egg-security] use noopen middleware
2019-05-13 08:35:16,724 INFO 5616 [egg-security] use nosniff middleware
2019-05-13 08:35:16,725 INFO 5616 [egg-security] use xssProtection middleware
2019-05-13 08:35:16,726 INFO 5616 [egg-security] use xframe middleware
2019-05-13 08:35:16,727 INFO 5616 [egg-security] use dta middleware
2019-05-13 08:35:16,727 INFO 5616 [egg-security] compose 6 middlewares into one security middleware
2019-05-13 08:35:16,791 INFO 5616 [egg:core] dump config after load, 15ms
2019-05-13 08:35:16,795 INFO 5616 [egg-mongoose] starting...
2019-05-13 08:35:16,870 INFO 5616 [egg-mongoose] mongodb://127.0.0.1/shoppingMall connected successfully
2019-05-13 08:35:16,882 INFO 5616 [egg-mongoose] instance[0] start successfully
2019-05-13 08:35:16,898 INFO 5616 [egg-watcher:application] watcher start success
2019-05-13 08:35:16,923 INFO 5616 [egg:core] dump config after ready, 23ms
2019-05-13 09:48:36,681 INFO 4016 [egg:logger] init all loggers with options: {"dir":"C:\\Users\\Administrator\\Desktop\\vant_ui\\server\\logs\\server","encoding":"utf8","env":"local","level":"INFO","consoleLevel":"INFO","disableConsoleAfterReady":false,"outputJSON":false,"buffer":true,"appLogName":"server-web.log","coreLogName":"egg-web.log","agentLogName":"egg-agent.log","errorLogName":"common-error.log","coreLogger":{"consoleLevel":"WARN"},"allowDebugAtProd":false,"type":"application"}
2019-05-13 09:48:36,718 INFO 4016 [egg-multipart] stream mode enable
2019-05-13 09:48:37,209 INFO 4016 [egg-mongoose] connecting mongodb://127.0.0.1/shoppingMall
2019-05-13 09:48:39,005 INFO 4016 [egg-static] starting static serve /public/ -> C:\Users\Administrator\Desktop\vant_ui\server\app\public
2019-05-13 09:48:39,009 INFO 4016 [egg-security] use methodnoallow middleware
2019-05-13 09:48:39,010 INFO 4016 [egg-security] use noopen middleware
2019-05-13 09:48:39,011 INFO 4016 [egg-security] use nosniff middleware
2019-05-13 09:48:39,012 INFO 4016 [egg-security] use xssProtection middleware
2019-05-13 09:48:39,013 INFO 4016 [egg-security] use xframe middleware
2019-05-13 09:48:39,013 INFO 4016 [egg-security] use dta middleware
2019-05-13 09:48:39,013 INFO 4016 [egg-security] compose 6 middlewares into one security middleware
2019-05-13 09:48:39,039 INFO 4016 [egg:core] dump config after load, 7ms
2019-05-13 09:48:39,042 INFO 4016 [egg-mongoose] starting...
2019-05-13 09:48:39,088 INFO 4016 [egg-mongoose] mongodb://127.0.0.1/shoppingMall connected successfully
2019-05-13 09:48:39,096 INFO 4016 [egg-mongoose] instance[0] start successfully
2019-05-13 09:48:39,099 INFO 4016 [egg-watcher:application] watcher start success
2019-05-13 09:48:39,109 INFO 4016 [egg:core] dump config after ready, 6ms
2019-05-13 15:09:14,866 INFO 3960 [egg:logger] init all loggers with options: {"dir":"C:\\Users\\Administrator\\Desktop\\vant_ui\\server\\logs\\server","encoding":"utf8","env":"local","level":"INFO","consoleLevel":"INFO","disableConsoleAfterReady":false,"outputJSON":false,"buffer":true,"appLogName":"server-web.log","coreLogName":"egg-web.log","agentLogName":"egg-agent.log","errorLogName":"common-error.log","coreLogger":{"consoleLevel":"WARN"},"allowDebugAtProd":false,"type":"application"}
2019-05-13 15:09:14,902 INFO 3960 [egg-multipart] stream mode enable
2019-05-13 15:09:15,460 INFO 3960 [egg-mongoose] connecting mongodb://127.0.0.1/shoppingMall
2019-05-13 15:09:15,887 INFO 3960 [egg-static] starting static serve /public/ -> C:\Users\Administrator\Desktop\vant_ui\server\app\public
2019-05-13 15:09:15,890 INFO 3960 [egg-security] use methodnoallow middleware
2019-05-13 15:09:15,891 INFO 3960 [egg-security] use noopen middleware
2019-05-13 15:09:15,892 INFO 3960 [egg-security] use nosniff middleware
2019-05-13 15:09:15,893 INFO 3960 [egg-security] use xssProtection middleware
2019-05-13 15:09:15,893 INFO 3960 [egg-security] use xframe middleware
2019-05-13 15:09:15,894 INFO 3960 [egg-security] use dta middleware
2019-05-13 15:09:15,894 INFO 3960 [egg-security] compose 6 middlewares into one security middleware
2019-05-13 15:09:15,921 INFO 3960 [egg:core] dump config after load, 7ms
2019-05-13 15:09:15,923 INFO 3960 [egg-mongoose] starting...
2019-05-13 15:09:15,969 INFO 3960 [egg-watcher:application] watcher start success
2019-05-13 15:09:15,973 INFO 3960 [egg-mongoose] mongodb://127.0.0.1/shoppingMall connected successfully
2019-05-13 15:09:15,986 INFO 3960 [egg-mongoose] instance[0] start successfully
2019-05-13 15:09:16,081 INFO 3960 [egg:core] dump config after ready, 94ms
2019-05-14 08:14:36,514 INFO 4648 [egg:logger] init all loggers with options: {"dir":"C:\\Users\\Administrator\\Desktop\\vant_ui\\server\\logs\\server","encoding":"utf8","env":"local","level":"INFO","consoleLevel":"INFO","disableConsoleAfterReady":false,"outputJSON":false,"buffer":true,"appLogName":"server-web.log","coreLogName":"egg-web.log","agentLogName":"egg-agent.log","errorLogName":"common-error.log","coreLogger":{"consoleLevel":"WARN"},"allowDebugAtProd":false,"type":"application"}
2019-05-14 08:14:36,549 INFO 4648 [egg-multipart] stream mode enable
2019-05-14 08:14:37,092 INFO 4648 [egg-mongoose] connecting mongodb://127.0.0.1/shoppingMall
2019-05-14 08:14:37,546 INFO 4648 [egg-static] starting static serve /public/ -> C:\Users\Administrator\Desktop\vant_ui\server\app\public
2019-05-14 08:14:37,550 INFO 4648 [egg-security] use methodnoallow middleware
2019-05-14 08:14:37,551 INFO 4648 [egg-security] use noopen middleware
2019-05-14 08:14:37,553 INFO 4648 [egg-security] use nosniff middleware
2019-05-14 08:14:37,553 INFO 4648 [egg-security] use xssProtection middleware
2019-05-14 08:14:37,554 INFO 4648 [egg-security] use xframe middleware
2019-05-14 08:14:37,555 INFO 4648 [egg-security] use dta middleware
2019-05-14 08:14:37,555 INFO 4648 [egg-security] compose 6 middlewares into one security middleware
2019-05-14 08:14:37,589 INFO 4648 [egg:core] dump config after load, 8ms
2019-05-14 08:14:37,592 INFO 4648 [egg-mongoose] starting...
2019-05-14 08:14:37,640 INFO 4648 [egg-mongoose] mongodb://127.0.0.1/shoppingMall connected successfully
2019-05-14 08:14:37,651 INFO 4648 [egg-mongoose] instance[0] start successfully
2019-05-14 08:14:37,657 INFO 4648 [egg-watcher:application] watcher start success
2019-05-14 08:14:37,670 INFO 4648 [egg:core] dump config after ready, 10ms
2019-05-15 08:22:27,354 INFO 4696 [egg:logger] init all loggers with options: {"dir":"C:\\Users\\Administrator\\Desktop\\vant_ui\\server\\logs\\server","encoding":"utf8","env":"local","level":"INFO","consoleLevel":"INFO","disableConsoleAfterReady":false,"outputJSON":false,"buffer":true,"appLogName":"server-web.log","coreLogName":"egg-web.log","agentLogName":"egg-agent.log","errorLogName":"common-error.log","coreLogger":{"consoleLevel":"WARN"},"allowDebugAtProd":false,"type":"application"}
2019-05-15 08:22:27,389 INFO 4696 [egg-multipart] stream mode enable
2019-05-15 08:22:27,886 INFO 4696 [egg-mongoose] connecting mongodb://127.0.0.1/shoppingMall
2019-05-15 08:22:28,276 INFO 4696 [egg-static] starting static serve /public/ -> C:\Users\Administrator\Desktop\vant_ui\server\app\public
2019-05-15 08:22:28,280 INFO 4696 [egg-security] use methodnoallow middleware
2019-05-15 08:22:28,280 INFO 4696 [egg-security] use noopen middleware
2019-05-15 08:22:28,282 INFO 4696 [egg-security] use nosniff middleware
2019-05-15 08:22:28,282 INFO 4696 [egg-security] use xssProtection middleware
2019-05-15 08:22:28,283 INFO 4696 [egg-security] use xframe middleware
2019-05-15 08:22:28,283 INFO 4696 [egg-security] use dta middleware
2019-05-15 08:22:28,283 INFO 4696 [egg-security] compose 6 middlewares into one security middleware
2019-05-15 08:22:28,308 INFO 4696 [egg:core] dump config after load, 6ms
2019-05-15 08:22:28,310 INFO 4696 [egg-mongoose] starting...
2019-05-15 08:22:28,348 INFO 4696 [egg-mongoose] mongodb://127.0.0.1/shoppingMall connected successfully
2019-05-15 08:22:28,356 INFO 4696 [egg-mongoose] instance[0] start successfully
2019-05-15 08:22:28,361 INFO 4696 [egg-watcher:application] watcher start success
2019-05-15 08:22:28,368 INFO 4696 [egg:core] dump config after ready, 6ms
2019-05-16 09:11:27,795 INFO 4308 [egg:logger] init all loggers with options: {"dir":"C:\\Users\\Administrator\\Desktop\\vant_ui\\server\\logs\\server","encoding":"utf8","env":"local","level":"INFO","consoleLevel":"INFO","disableConsoleAfterReady":false,"outputJSON":false,"buffer":true,"appLogName":"server-web.log","coreLogName":"egg-web.log","agentLogName":"egg-agent.log","errorLogName":"common-error.log","coreLogger":{"consoleLevel":"WARN"},"allowDebugAtProd":false,"type":"application"}
2019-05-16 09:11:27,832 INFO 4308 [egg-multipart] stream mode enable
2019-05-16 09:11:28,430 INFO 4308 [egg-mongoose] connecting mongodb://127.0.0.1/shoppingMall
2019-05-16 09:11:28,889 INFO 4308 [egg-static] starting static serve /public/ -> C:\Users\Administrator\Desktop\vant_ui\server\app\public
2019-05-16 09:11:28,892 INFO 4308 [egg-security] use methodnoallow middleware
2019-05-16 09:11:28,893 INFO 4308 [egg-security] use noopen middleware
2019-05-16 09:11:28,895 INFO 4308 [egg-security] use nosniff middleware
2019-05-16 09:11:28,897 INFO 4308 [egg-security] use xssProtection middleware
2019-05-16 09:11:28,898 INFO 4308 [egg-security] use xframe middleware
2019-05-16 09:11:28,898 INFO 4308 [egg-security] use dta middleware
2019-05-16 09:11:28,898 INFO 4308 [egg-security] compose 6 middlewares into one security middleware
2019-05-16 09:11:28,930 INFO 4308 [egg:core] dump config after load, 7ms
2019-05-16 09:11:28,932 INFO 4308 [egg-mongoose] starting...
2019-05-16 09:11:28,979 INFO 4308 [egg-mongoose] mongodb://127.0.0.1/shoppingMall connected successfully
2019-05-16 09:11:28,986 INFO 4308 [egg-mongoose] instance[0] start successfully
2019-05-16 09:11:28,988 INFO 4308 [egg-watcher:application] watcher start success
2019-05-16 09:11:29,000 INFO 4308 [egg:core] dump config after ready, 7ms
2019-05-17 08:12:49,823 INFO 728 [egg:logger] init all loggers with options: {"dir":"C:\\Users\\Administrator\\Desktop\\vant_ui\\server\\logs\\server","encoding":"utf8","env":"local","level":"INFO","consoleLevel":"INFO","disableConsoleAfterReady":false,"outputJSON":false,"buffer":true,"appLogName":"server-web.log","coreLogName":"egg-web.log","agentLogName":"egg-agent.log","errorLogName":"common-error.log","coreLogger":{"consoleLevel":"WARN"},"allowDebugAtProd":false,"type":"application"}
2019-05-17 08:12:49,856 INFO 728 [egg-multipart] stream mode enable
2019-05-17 08:12:50,554 INFO 728 [egg-mongoose] connecting mongodb://127.0.0.1/shoppingMall
2019-05-17 08:12:51,214 INFO 728 [egg-static] starting static serve /public/ -> C:\Users\Administrator\Desktop\vant_ui\server\app\public
2019-05-17 08:12:51,218 INFO 728 [egg-security] use methodnoallow middleware
2019-05-17 08:12:51,218 INFO 728 [egg-security] use noopen middleware
2019-05-17 08:12:51,219 INFO 728 [egg-security] use nosniff middleware
2019-05-17 08:12:51,220 INFO 728 [egg-security] use xssProtection middleware
2019-05-17 08:12:51,221 INFO 728 [egg-security] use xframe middleware
2019-05-17 08:12:51,221 INFO 728 [egg-security] use dta middleware
2019-05-17 08:12:51,222 INFO 728 [egg-security] compose 6 middlewares into one security middleware
2019-05-17 08:12:51,249 INFO 728 [egg:core] dump config after load, 5ms
2019-05-17 08:12:51,252 INFO 728 [egg-mongoose] starting...
2019-05-17 08:12:51,293 INFO 728 [egg-mongoose] mongodb://127.0.0.1/shoppingMall connected successfully
2019-05-17 08:12:51,300 INFO 728 [egg-mongoose] instance[0] start successfully
2019-05-17 08:12:51,301 INFO 728 [egg-watcher:application] watcher start success
2019-05-17 08:12:51,311 INFO 728 [egg:core] dump config after ready, 6ms
2019-05-18 08:48:59,276 INFO 1784 [egg:logger] init all loggers with options: {"dir":"C:\\Users\\Administrator\\Desktop\\vant_ui\\server\\logs\\server","encoding":"utf8","env":"local","level":"INFO","consoleLevel":"INFO","disableConsoleAfterReady":false,"outputJSON":false,"buffer":true,"appLogName":"server-web.log","coreLogName":"egg-web.log","agentLogName":"egg-agent.log","errorLogName":"common-error.log","coreLogger":{"consoleLevel":"WARN"},"allowDebugAtProd":false,"type":"application"}
2019-05-18 08:48:59,322 INFO 1784 [egg-multipart] stream mode enable
2019-05-18 08:49:00,031 INFO 1784 [egg-mongoose] connecting mongodb://127.0.0.1/shoppingMall
2019-05-18 08:49:00,602 INFO 1784 [egg-static] starting static serve /public/ -> C:\Users\Administrator\Desktop\vant_ui\server\app\public
2019-05-18 08:49:00,606 INFO 1784 [egg-security] use methodnoallow middleware
2019-05-18 08:49:00,607 INFO 1784 [egg-security] use noopen middleware
2019-05-18 08:49:00,609 INFO 1784 [egg-security] use nosniff middleware
2019-05-18 08:49:00,610 INFO 1784 [egg-security] use xssProtection middleware
2019-05-18 08:49:00,611 INFO 1784 [egg-security] use xframe middleware
2019-05-18 08:49:00,612 INFO 1784 [egg-security] use dta middleware
2019-05-18 08:49:00,612 INFO 1784 [egg-security] compose 6 middlewares into one security middleware
2019-05-18 08:49:00,647 INFO 1784 [egg:core] dump config after load, 7ms
2019-05-18 08:49:00,650 INFO 1784 [egg-mongoose] starting...
2019-05-18 08:49:00,705 INFO 1784 [egg-mongoose] mongodb://127.0.0.1/shoppingMall connected successfully
2019-05-18 08:49:00,716 INFO 1784 [egg-mongoose] instance[0] start successfully
2019-05-18 08:49:00,721 INFO 1784 [egg-watcher:application] watcher start success
2019-05-18 08:49:00,731 INFO 1784 [egg:core] dump config after ready, 7ms
2019-05-18 10:42:45,741 INFO 4656 [egg:logger] init all loggers with options: {"dir":"C:\\Users\\Administrator\\Desktop\\vant_ui\\server\\logs\\server","encoding":"utf8","env":"local","level":"INFO","consoleLevel":"INFO","disableConsoleAfterReady":false,"outputJSON":false,"buffer":true,"appLogName":"server-web.log","coreLogName":"egg-web.log","agentLogName":"egg-agent.log","errorLogName":"common-error.log","coreLogger":{"consoleLevel":"WARN"},"allowDebugAtProd":false,"type":"application"}
2019-05-18 10:42:45,774 INFO 4656 [egg-multipart] stream mode enable
2019-05-18 10:42:46,287 INFO 4656 [egg-mongoose] connecting mongodb://127.0.0.1/shoppingMall
2019-05-18 10:42:46,692 INFO 4656 [egg-static] starting static serve /public/ -> C:\Users\Administrator\Desktop\vant_ui\server\app\public
2019-05-18 10:42:46,697 INFO 4656 [egg-security] use methodnoallow middleware
2019-05-18 10:42:46,698 INFO 4656 [egg-security] use noopen middleware
2019-05-18 10:42:46,700 INFO 4656 [egg-security] use nosniff middleware
2019-05-18 10:42:46,700 INFO 4656 [egg-security] use xssProtection middleware
2019-05-18 10:42:46,701 INFO 4656 [egg-security] use xframe middleware
2019-05-18 10:42:46,702 INFO 4656 [egg-security] use dta middleware
2019-05-18 10:42:46,702 INFO 4656 [egg-security] compose 6 middlewares into one security middleware
2019-05-18 10:42:46,728 INFO 4656 [egg:core] dump config after load, 5ms
2019-05-18 10:42:46,730 INFO 4656 [egg-mongoose] starting...
2019-05-18 10:42:46,767 INFO 4656 [egg-mongoose] mongodb://127.0.0.1/shoppingMall connected successfully
2019-05-18 10:42:46,774 INFO 4656 [egg-mongoose] instance[0] start successfully
2019-05-18 10:42:46,776 INFO 4656 [egg-watcher:application] watcher start success
2019-05-18 10:42:46,785 INFO 4656 [egg:core] dump config after ready, 5ms
